<?xml version="1.0" encoding="UTF-8"?>
<!-- Generated by org.testng.reporters.JUnitReportReporter -->
<testsuite hostname="DESKTOP-3LAS9CR" failures="0" tests="6" name="testCases.HybridTestCases" time="4.928" errors="0" timestamp="18 Jul 2018 21:50:31 GMT" skipped="0">
  <testcase classname="testCases.HybridTestCases" name="ApplicationUnderTest" time="0.096"/>
  <testcase classname="testCases.HybridTestCases" name="ApplicationUnderTest" time="4.003"/>
  <testcase classname="testCases.HybridTestCases" name="ApplicationUnderTest" time="0.284"/>
  <testcase classname="testCases.HybridTestCases" name="ApplicationUnderTest" time="0.261"/>
  <testcase classname="testCases.HybridTestCases" name="ApplicationUnderTest" time="0.156"/>
  <testcase classname="testCases.HybridTestCases" name="ApplicationUnderTest" time="0.128"/>
</testsuite> <!-- testCases.HybridTestCases -->
